\BOOKMARK [0][-]{chapter.1}{\376\377\000C\000o\000n\000t\000e\000x\000t\000e\000\040\000e\000t\000\040\000O\000b\000j\000e\000c\000t\000i\000f\000s\000\040\000d\000u\000\040\000P\000r\000o\000j\000e\000t}{}% 1
\BOOKMARK [1][-]{section.1.1}{\376\377\000C\000o\000n\000t\000e\000x\000t\000e\000\040\000A\000c\000a\000d\000\351\000m\000i\000q\000u\000e}{chapter.1}% 2
\BOOKMARK [1][-]{section.1.2}{\376\377\000I\000n\000s\000p\000i\000r\000a\000t\000i\000o\000n\000\040\000e\000t\000\040\000C\000h\000o\000i\000x\000\040\000d\000u\000\040\000S\000u\000j\000e\000t}{chapter.1}% 3
\BOOKMARK [1][-]{section.1.3}{\376\377\000O\000b\000j\000e\000c\000t\000i\000f\000s\000\040\000d\000u\000\040\000P\000r\000o\000j\000e\000t}{chapter.1}% 4
\BOOKMARK [0][-]{chapter.2}{\376\377\000S\000e\000s\000s\000i\000o\000n\000\040\000d\000e\000\040\000D\000\351\000v\000e\000l\000o\000p\000p\000e\000m\000e\000n\000t\000\040\000d\000u\000\040\0002\0009\000\040\000N\000o\000v\000e\000m\000b\000r\000e\000\040\0002\0000\0002\0005}{}% 5
\BOOKMARK [1][-]{section.2.1}{\376\377\000V\000u\000e\000\040\000d\000'\000E\000n\000s\000e\000m\000b\000l\000e\000\040\000d\000e\000\040\000l\000a\000\040\000S\000e\000s\000s\000i\000o\000n}{chapter.2}% 6
\BOOKMARK [1][-]{section.2.2}{\376\377\000P\000r\000o\000b\000l\000\350\000m\000e\000\040\0001\000\040\000:\000\040\000O\000p\000t\000i\000m\000i\000s\000a\000t\000i\000o\000n\000\040\000d\000e\000\040\000l\000a\000\040\000C\000a\000r\000t\000e\000\040\000M\000o\000n\000d\000i\000a\000l\000e}{chapter.2}% 7
\BOOKMARK [2][-]{subsection.2.2.1}{\376\377\000S\000y\000m\000p\000t\000\364\000m\000e\000s\000\040\000O\000b\000s\000e\000r\000v\000\351\000s}{section.2.2}% 8
\BOOKMARK [2][-]{subsection.2.2.2}{\376\377\000D\000i\000a\000g\000n\000o\000s\000t\000i\000c}{section.2.2}% 9
\BOOKMARK [2][-]{subsection.2.2.3}{\376\377\000S\000o\000l\000u\000t\000i\000o\000n\000s\000\040\000E\000x\000p\000l\000o\000r\000\351\000e\000s}{section.2.2}% 10
\BOOKMARK [2][-]{subsection.2.2.4}{\376\377\000S\000o\000l\000u\000t\000i\000o\000n\000\040\000F\000i\000n\000a\000l\000e\000\040\000R\000e\000t\000e\000n\000u\000e}{section.2.2}% 11
\BOOKMARK [2][-]{subsection.2.2.5}{\376\377\000R\000\351\000s\000u\000l\000t\000a\000t\000s\000\040\000e\000t\000\040\000A\000m\000\351\000l\000i\000o\000r\000a\000t\000i\000o\000n\000s}{section.2.2}% 12
\BOOKMARK [1][-]{section.2.3}{\376\377\000A\000m\000\351\000l\000i\000o\000r\000a\000t\000i\000o\000n\000\040\0002\000\040\000:\000\040\000S\000y\000s\000t\000\350\000m\000e\000\040\000d\000e\000\040\000R\000e\000c\000h\000e\000r\000c\000h\000e\000\040\000d\000e\000\040\000V\000i\000l\000l\000e\000s\000\040\000D\000y\000n\000a\000m\000i\000q\000u\000e}{chapter.2}% 13
\BOOKMARK [2][-]{subsection.2.3.1}{\376\377\000B\000e\000s\000o\000i\000n\000\040\000I\000d\000e\000n\000t\000i\000f\000i\000\351}{section.2.3}% 14
\BOOKMARK [2][-]{subsection.2.3.2}{\376\377\000A\000r\000c\000h\000i\000t\000e\000c\000t\000u\000r\000e\000\040\000I\000m\000p\000l\000\351\000m\000e\000n\000t\000\351\000e}{section.2.3}% 15
\BOOKMARK [2][-]{subsection.2.3.3}{\376\377\000F\000o\000n\000c\000t\000i\000o\000n\000n\000a\000l\000i\000t\000\351\000s\000\040\000C\000l\000\351\000s}{section.2.3}% 16
\BOOKMARK [2][-]{subsection.2.3.4}{\376\377\000S\000t\000a\000t\000i\000s\000t\000i\000q\000u\000e\000s\000\040\000E\000n\000r\000i\000c\000h\000i\000e\000s}{section.2.3}% 17
\BOOKMARK [2][-]{subsection.2.3.5}{\376\377\000\311\000l\000\351\000m\000e\000n\000t\000s\000\040\000P\000\351\000d\000a\000g\000o\000g\000i\000q\000u\000e\000s\000\040\000A\000j\000o\000u\000t\000\351\000s}{section.2.3}% 18
\BOOKMARK [1][-]{section.2.4}{\376\377\000A\000m\000\351\000l\000i\000o\000r\000a\000t\000i\000o\000n\000\040\0003\000\040\000:\000\040\000S\000y\000s\000t\000\350\000m\000e\000\040\000d\000'\000A\000l\000e\000r\000t\000e\000s\000\040\000E\000m\000a\000i\000l\000\040\000A\000u\000t\000o\000m\000a\000t\000i\000s\000\351}{chapter.2}% 19
\BOOKMARK [2][-]{subsection.2.4.1}{\376\377\000P\000r\000o\000b\000l\000\351\000m\000a\000t\000i\000q\000u\000e\000\040\000I\000n\000i\000t\000i\000a\000l\000e}{section.2.4}% 20
\BOOKMARK [2][-]{subsection.2.4.2}{\376\377\000S\000o\000l\000u\000t\000i\000o\000n\000\040\000:\000\040\000C\000a\000l\000c\000u\000l\000\040\000A\000u\000t\000o\000m\000a\000t\000i\000q\000u\000e\000\040\000d\000u\000\040\000S\000e\000u\000i\000l\000\040\000K\000p}{section.2.4}% 21
\BOOKMARK [2][-]{subsection.2.4.3}{\376\377\000N\000o\000u\000v\000e\000l\000l\000e\000\040\000I\000n\000t\000e\000r\000f\000a\000c\000e\000\040\000U\000t\000i\000l\000i\000s\000a\000t\000e\000u\000r\000\040\000S\000i\000m\000p\000l\000i\000f\000i\000\351\000e}{section.2.4}% 22
\BOOKMARK [2][-]{subsection.2.4.4}{\376\377\000A\000v\000a\000n\000t\000a\000g\000e\000s\000\040\000d\000e\000\040\000l\000'\000A\000p\000p\000r\000o\000c\000h\000e\000\040\000A\000u\000t\000o\000m\000a\000t\000i\000s\000\351\000e}{section.2.4}% 23
\BOOKMARK [2][-]{subsection.2.4.5}{\376\377\000C\000o\000r\000r\000e\000c\000t\000i\000o\000n\000\040\000d\000'\000u\000n\000\040\000B\000u\000g\000\040\000A\000r\000c\000h\000i\000t\000e\000c\000t\000u\000r\000a\000l\000\040\000C\000r\000i\000t\000i\000q\000u\000e}{section.2.4}% 24
\BOOKMARK [1][-]{section.2.5}{\376\377\000A\000m\000\351\000l\000i\000o\000r\000a\000t\000i\000o\000n\000\040\0004\000\040\000:\000\040\000E\000n\000r\000i\000c\000h\000i\000s\000s\000e\000m\000e\000n\000t\000\040\000d\000e\000s\000\040\000E\000m\000a\000i\000l\000s\000\040\000d\000'\000A\000l\000e\000r\000t\000e}{chapter.2}% 25
\BOOKMARK [2][-]{subsection.2.5.1}{\376\377\000M\000o\000d\000i\000f\000i\000c\000a\000t\000i\000o\000n\000\040\000d\000e\000\040\000l\000'\000A\000r\000c\000h\000i\000t\000e\000c\000t\000u\000r\000e\000\040\000E\000m\000a\000i\000l}{section.2.5}% 26
\BOOKMARK [2][-]{subsection.2.5.2}{\376\377\000N\000o\000u\000v\000e\000a\000u\000\040\000C\000o\000n\000t\000e\000n\000u\000\040\000E\000m\000a\000i\000l\000\040\000P\000e\000r\000s\000o\000n\000n\000a\000l\000i\000s\000\351}{section.2.5}% 27
\BOOKMARK [2][-]{subsection.2.5.3}{\376\377\000S\000t\000r\000u\000c\000t\000u\000r\000e\000\040\000d\000e\000\040\000l\000'\000E\000m\000a\000i\000l\000\040\000A\000m\000\351\000l\000i\000o\000r\000\351}{section.2.5}% 28
\BOOKMARK [1][-]{section.2.6}{\376\377\000T\000e\000s\000t\000s\000\040\000e\000t\000\040\000V\000a\000l\000i\000d\000a\000t\000i\000o\000n\000\040\000d\000u\000\040\000S\000y\000s\000t\000\350\000m\000e\000\040\000d\000'\000A\000l\000e\000r\000t\000e\000s}{chapter.2}% 29
\BOOKMARK [2][-]{subsection.2.6.1}{\376\377\000C\000r\000\351\000a\000t\000i\000o\000n\000\040\000d\000'\000O\000u\000t\000i\000l\000s\000\040\000d\000e\000\040\000T\000e\000s\000t\000\040\000D\000\351\000d\000i\000\351\000s}{section.2.6}% 30
\BOOKMARK [2][-]{subsection.2.6.2}{\376\377\000M\000\351\000t\000h\000o\000d\000e\000s\000\040\000d\000e\000\040\000T\000e\000s\000t\000\040\000D\000o\000c\000u\000m\000e\000n\000t\000\351\000e\000s}{section.2.6}% 31
\BOOKMARK [2][-]{subsection.2.6.3}{\376\377\000G\000u\000i\000d\000e\000\040\000d\000e\000\040\000C\000o\000n\000f\000i\000g\000u\000r\000a\000t\000i\000o\000n\000\040\000G\000m\000a\000i\000l}{section.2.6}% 32
\BOOKMARK [2][-]{subsection.2.6.4}{\376\377\000D\000o\000c\000u\000m\000e\000n\000t\000a\000t\000i\000o\000n\000\040\000d\000e\000s\000\040\000P\000r\000o\000b\000l\000\350\000m\000e\000s\000\040\000C\000o\000u\000r\000a\000n\000t\000s}{section.2.6}% 33
\BOOKMARK [1][-]{section.2.7}{\376\377\000L\000i\000v\000r\000a\000b\000l\000e\000s\000\040\000d\000e\000\040\000l\000a\000\040\000S\000e\000s\000s\000i\000o\000n}{chapter.2}% 34
\BOOKMARK [2][-]{subsection.2.7.1}{\376\377\000F\000i\000c\000h\000i\000e\000r\000s\000\040\000d\000e\000\040\000D\000\351\000v\000e\000l\000o\000p\000p\000e\000m\000e\000n\000t\000\040\000C\000r\000\351\000\351\000s}{section.2.7}% 35
\BOOKMARK [2][-]{subsection.2.7.2}{\376\377\000D\000o\000c\000u\000m\000e\000n\000t\000a\000t\000i\000o\000n\000\040\000T\000e\000c\000h\000n\000i\000q\000u\000e\000\040\000P\000r\000o\000d\000u\000i\000t\000e}{section.2.7}% 36
\BOOKMARK [1][-]{section.2.8}{\376\377\000S\000t\000a\000t\000i\000s\000t\000i\000q\000u\000e\000s\000\040\000d\000e\000\040\000l\000a\000\040\000S\000e\000s\000s\000i\000o\000n}{chapter.2}% 37
\BOOKMARK [0][-]{chapter.3}{\376\377\000T\000e\000c\000h\000n\000o\000l\000o\000g\000i\000e\000s\000\040\000e\000t\000\040\000A\000P\000I\000s}{}% 38
\BOOKMARK [1][-]{section.3.1}{\376\377\000S\000t\000a\000c\000k\000\040\000T\000e\000c\000h\000n\000i\000q\000u\000e}{chapter.3}% 39
\BOOKMARK [1][-]{section.3.2}{\376\377\000A\000P\000I\000s\000\040\000I\000n\000t\000\351\000g\000r\000\351\000e\000s}{chapter.3}% 40
\BOOKMARK [0][-]{chapter.4}{\376\377\000F\000o\000n\000c\000t\000i\000o\000n\000n\000a\000l\000i\000t\000\351\000s\000\040\000I\000m\000p\000l\000\351\000m\000e\000n\000t\000\351\000e\000s}{}% 41
\BOOKMARK [0][-]{chapter.5}{\376\377\000T\000e\000s\000t\000s\000\040\000e\000t\000\040\000V\000a\000l\000i\000d\000a\000t\000i\000o\000n}{}% 42
\BOOKMARK [1][-]{section.5.1}{\376\377\000T\000e\000s\000t\000s\000\040\000F\000o\000n\000c\000t\000i\000o\000n\000n\000e\000l\000s}{chapter.5}% 43
\BOOKMARK [0][-]{chapter.6}{\376\377\000A\000m\000\351\000l\000i\000o\000r\000a\000t\000i\000o\000n\000s\000\040\000F\000u\000t\000u\000r\000e\000s}{}% 44
\BOOKMARK [0][-]{chapter.7}{\376\377\000C\000o\000n\000c\000l\000u\000s\000i\000o\000n}{}% 45
\BOOKMARK [1][-]{section.7.1}{\376\377\000B\000i\000l\000a\000n\000\040\000d\000e\000s\000\040\000O\000b\000j\000e\000c\000t\000i\000f\000s}{chapter.7}% 46
\BOOKMARK [1][-]{section.7.2}{\376\377\000C\000o\000m\000p\000\351\000t\000e\000n\000c\000e\000s\000\040\000A\000c\000q\000u\000i\000s\000e\000s}{chapter.7}% 47
\BOOKMARK [1][-]{section.7.3}{\376\377\000R\000\351\000f\000l\000e\000x\000i\000o\000n\000\040\000F\000i\000n\000a\000l\000e}{chapter.7}% 48
\BOOKMARK [0][-]{appendix.A}{\376\377\000S\000t\000a\000t\000i\000s\000t\000i\000q\000u\000e\000s\000\040\000F\000i\000n\000a\000l\000e\000s\000\040\000d\000u\000\040\000P\000r\000o\000j\000e\000t}{}% 49
\BOOKMARK [0][-]{appendix.B}{\376\377\000R\000e\000s\000s\000o\000u\000r\000c\000e\000s\000\040\000e\000t\000\040\000L\000i\000e\000n\000s}{}% 50
